<?xml version="1.0" encoding="UTF-8"?>
<!-- Generated by org.testng.reporters.JUnitReportReporter -->
<testsuite hostname="POOLW42SLPC7758" failures="0" tests="1" name="TestCase.TestCase_Xlogist_Coupon" time="32.477" errors="0" timestamp="2022-12-09T12:17:24 IST" skipped="0">
  <testcase classname="TestCase.TestCase_Xlogist_Coupon" name="Max" time="32.477"/>
  <system-out/>
</testsuite> <!-- TestCase.TestCase_Xlogist_Coupon -->
