<?xml version="1.0" encoding="UTF-8"?>
<!-- Generated by org.testng.reporters.JUnitReportReporter -->
<testsuite hostname="POOLW42SLPC7758" failures="0" tests="7" name="TestCase.TestCase_Ecommerce" time="251.364" errors="0" timestamp="2022-12-09T13:43:03 IST" skipped="0">
  <testcase classname="TestCase.TestCase_Ecommerce" name="Valid" time="29.587"/>
  <system-out/>
  <testcase classname="TestCase.TestCase_Ecommerce" name="Maxchar" time="32.251"/>
  <system-out/>
  <testcase classname="TestCase.TestCase_Ecommerce" name="numbers" time="53.290"/>
  <system-out/>
  <testcase classname="TestCase.TestCase_Ecommerce" name="specialchar" time="41.364"/>
  <system-out/>
  <testcase classname="TestCase.TestCase_Ecommerce" name="blank" time="31.618"/>
  <system-out/>
  <testcase classname="TestCase.TestCase_Ecommerce" name="alphanumeric" time="34.317"/>
  <system-out/>
  <testcase classname="TestCase.TestCase_Ecommerce" name="blankimage" time="28.937"/>
  <system-out/>
</testsuite> <!-- TestCase.TestCase_Ecommerce -->
