<?xml version="1.0" encoding="UTF-8"?>
<!-- Generated by org.testng.reporters.JUnitReportReporter -->
<testsuite hostname="POOLW42SLPC7758" failures="0" tests="2" name="Testcase.Post" time="3.756" errors="0" timestamp="2022-12-09T17:09:04 IST" skipped="0">
  <testcase classname="Testcase.Post" name="loginuser" time="1.820"/>
  <system-out/>
  <testcase classname="Testcase.Post" name="blank" time="1.936"/>
  <system-out/>
</testsuite> <!-- Testcase.Post -->
