<?xml version="1.0" encoding="UTF-8"?>
<!-- Generated by org.testng.reporters.JUnitReportReporter -->
<testsuite hostname="POOLW42SLPC7758" failures="0" tests="2" name="Testcase.get" time="6.076" errors="0" timestamp="2022-12-09T17:04:40 IST" skipped="0">
  <testcase classname="Testcase.get" name="Generalsetting" time="3.739"/>
  <system-out/>
  <testcase classname="Testcase.get" name="Transaction" time="2.337"/>
  <system-out/>
</testsuite> <!-- Testcase.get -->
